\BOOKMARK [0][-]{chapter.1}{\376\377\000V\000i\000s\000i\000o\000n\000\040\000F\000e\000a\000t\000u\000r\000e\000s}{}% 1
\BOOKMARK [1][-]{section.1.1}{\376\377\000I\000m\000a\000g\000e\000\040\000F\000e\000a\000t\000u\000r\000e\000s\000\040\000V\000e\000c\000t\000o\000r\000s}{chapter.1}% 2
\BOOKMARK [2][-]{subsection.1.1.1}{\376\377\000W\000h\000y\000\040\000a\000r\000e\000\040\000t\000h\000e\000y\000\040\000U\000s\000e\000f\000u\000l\000?}{section.1.1}% 3
\BOOKMARK [1][-]{section.1.2}{\376\377\000V\000i\000s\000u\000a\000l\000\040\000F\000e\000a\000t\000u\000r\000e\000s}{chapter.1}% 4
\BOOKMARK [1][-]{section.1.3}{\376\377\000C\000o\000l\000o\000r\000\040\000F\000e\000a\000t\000u\000r\000e\000s}{chapter.1}% 5
\BOOKMARK [2][-]{subsection.1.3.1}{\376\377\000B\000i\000n\000n\000i\000n\000g}{section.1.3}% 6
\BOOKMARK [2][-]{subsection.1.3.2}{\376\377\000C\000o\000l\000o\000r\000\040\000H\000i\000s\000t\000o\000g\000r\000a\000m}{section.1.3}% 7
\BOOKMARK [2][-]{subsection.1.3.3}{\376\377\000P\000a\000r\000a\000m\000e\000t\000r\000i\000c\000\040\000D\000e\000n\000s\000i\000t\000y\000\040\000E\000s\000t\000i\000m\000a\000t\000i\000o\000n}{section.1.3}% 8
\BOOKMARK [1][-]{section.1.4}{\376\377\000T\000e\000x\000t\000u\000r\000e}{chapter.1}% 9
\BOOKMARK [1][-]{section.1.5}{\376\377\000I\000m\000a\000g\000e\000\040\000F\000i\000l\000t\000e\000r\000i\000n\000g\000\040\000a\000n\000d\000\040\000C\000o\000n\000v\000o\000l\000u\000t\000i\000o\000n}{chapter.1}% 10
\BOOKMARK [2][-]{subsection.1.5.1}{\376\377\000H\000o\000w\000\040\000C\000o\000n\000v\000o\000l\000u\000t\000i\000o\000n\000\040\000W\000o\000r\000k\000s\000?}{section.1.5}% 11
\BOOKMARK [2][-]{subsection.1.5.2}{\376\377\000S\000o\000m\000e\000\040\000M\000a\000t\000h\000e\000m\000a\000t\000i\000c\000a\000l\000\040\000r\000e\000s\000u\000l\000t\000s}{section.1.5}% 12
\BOOKMARK [1][-]{section.1.6}{\376\377\000E\000d\000g\000e\000\040\000D\000e\000t\000e\000c\000t\000i\000o\000n\000\040\000u\000s\000i\000n\000g\000\040\000C\000o\000n\000v\000o\000l\000u\000t\000i\000o\000n}{chapter.1}% 13
\BOOKMARK [2][-]{subsection.1.6.1}{\376\377\000F\000i\000r\000s\000t\000\040\000o\000r\000d\000e\000r\000\040\000e\000d\000g\000e\000\040\000D\000e\000t\000e\000c\000t\000i\000o\000n}{section.1.6}% 14
\BOOKMARK [2][-]{subsection.1.6.2}{\376\377\000N\000M\000S\000\040\000-\000\040\000N\000o\000n\000-\000M\000a\000x\000i\000m\000u\000m\000\040\000S\000u\000p\000p\000r\000e\000s\000s\000i\000o\000n}{section.1.6}% 15
\BOOKMARK [2][-]{subsection.1.6.3}{\376\377\000H\000i\000s\000t\000o\000g\000r\000a\000m\000\040\000o\000f\000\040\000G\000r\000a\000d\000i\000e\000n\000t\000\040\000\050\000H\000O\000G\000-\000d\000e\000s\000c\000r\000i\000p\000t\000o\000r\000\051}{section.1.6}% 16
\BOOKMARK [1][-]{section.1.7}{\376\377\000P\000o\000i\000n\000t\000s\000\040\000o\000f\000\040\000I\000n\000t\000e\000r\000e\000s\000t\000\040\000\050\000K\000e\000y\000p\000o\000i\000n\000t\000s\000/\000I\000n\000t\000e\000r\000e\000s\000t\000\040\000P\000o\000i\000n\000t\000s\000\051}{chapter.1}% 17
\BOOKMARK [1][-]{section.1.8}{\376\377\000B\000a\000g\000\040\000o\000f\000\040\000V\000i\000s\000u\000a\000l\000\040\000W\000o\000r\000d\000s\000\040\000B\000o\000V\000W}{chapter.1}% 18
\BOOKMARK [2][-]{subsection.1.8.1}{\376\377\000E\000x\000a\000m\000p\000l\000e\000:\000\040\000C\000o\000n\000s\000t\000r\000u\000c\000t\000i\000n\000g\000\040\000F\000e\000a\000t\000u\000r\000e\000\040\000V\000e\000c\000t\000o\000r\000s\000\040\000\050\000M\000i\000n\000i\000-\000S\000I\000F\000T\000\051}{section.1.8}% 19
\BOOKMARK [2][-]{subsection.1.8.2}{\376\377\000E\000x\000a\000m\000p\000l\000e\000:\000\040\000E\000n\000c\000o\000d\000i\000n\000g\000\040\000a\000n\000d\000\040\000P\000o\000o\000l\000i\000n\000g}{section.1.8}% 20
